DEBUG:aiomysql:caching sha2: succeeded by fast path.
DEBUG:aiomysql:caching sha2: succeeded by fast path.
DEBUG:python_multipart.multipart:Calling on_field_start with no data
DEBUG:python_multipart.multipart:Calling on_field_name with data[0:8]
DEBUG:python_multipart.multipart:Calling on_field_data with data[9:14]
DEBUG:python_multipart.multipart:Calling on_field_end with no data
DEBUG:python_multipart.multipart:Calling on_field_start with no data
DEBUG:python_multipart.multipart:Calling on_field_name with data[15:23]
DEBUG:python_multipart.multipart:Calling on_field_data with data[24:29]
DEBUG:python_multipart.multipart:Calling on_field_end with no data
DEBUG:python_multipart.multipart:Calling on_end with no data
DEBUG:aiomysql:caching sha2: succeeded by fast path.
DEBUG:passlib.handlers.bcrypt:detected 'bcrypt' backend, version '3.2.0'
DEBUG:passlib.handlers.bcrypt:'bcrypt' backend lacks $2$ support, enabling workaround
DEBUG:python_multipart.multipart:Calling on_field_start with no data
DEBUG:python_multipart.multipart:Calling on_field_name with data[0:8]
DEBUG:python_multipart.multipart:Calling on_field_data with data[9:14]
DEBUG:python_multipart.multipart:Calling on_field_end with no data
DEBUG:python_multipart.multipart:Calling on_field_start with no data
DEBUG:python_multipart.multipart:Calling on_field_name with data[15:23]
DEBUG:python_multipart.multipart:Calling on_field_data with data[24:29]
DEBUG:python_multipart.multipart:Calling on_field_end with no data
DEBUG:python_multipart.multipart:Calling on_end with no data
DEBUG:python_multipart.multipart:Calling on_field_start with no data
DEBUG:python_multipart.multipart:Calling on_field_name with data[0:8]
DEBUG:python_multipart.multipart:Calling on_field_data with data[9:14]
DEBUG:python_multipart.multipart:Calling on_field_end with no data
DEBUG:python_multipart.multipart:Calling on_field_start with no data
DEBUG:python_multipart.multipart:Calling on_field_name with data[15:23]
DEBUG:python_multipart.multipart:Calling on_field_data with data[24:29]
DEBUG:python_multipart.multipart:Calling on_field_end with no data
DEBUG:python_multipart.multipart:Calling on_end with no data
DEBUG:python_multipart.multipart:Calling on_field_start with no data
DEBUG:python_multipart.multipart:Calling on_field_name with data[0:8]
DEBUG:python_multipart.multipart:Calling on_field_data with data[9:14]
DEBUG:python_multipart.multipart:Calling on_field_end with no data
DEBUG:python_multipart.multipart:Calling on_field_start with no data
DEBUG:python_multipart.multipart:Calling on_field_name with data[15:23]
DEBUG:python_multipart.multipart:Calling on_field_data with data[24:29]
DEBUG:python_multipart.multipart:Calling on_field_end with no data
DEBUG:python_multipart.multipart:Calling on_end with no data
DEBUG:python_multipart.multipart:Calling on_field_start with no data
DEBUG:python_multipart.multipart:Calling on_field_name with data[0:8]
DEBUG:python_multipart.multipart:Calling on_field_data with data[9:14]
DEBUG:python_multipart.multipart:Calling on_field_end with no data
DEBUG:python_multipart.multipart:Calling on_field_start with no data
DEBUG:python_multipart.multipart:Calling on_field_name with data[15:23]
DEBUG:python_multipart.multipart:Calling on_field_data with data[24:29]
DEBUG:python_multipart.multipart:Calling on_field_end with no data
DEBUG:python_multipart.multipart:Calling on_end with no data
DEBUG:python_multipart.multipart:Calling on_field_start with no data
DEBUG:python_multipart.multipart:Calling on_field_name with data[0:8]
DEBUG:python_multipart.multipart:Calling on_field_data with data[9:14]
DEBUG:python_multipart.multipart:Calling on_field_end with no data
DEBUG:python_multipart.multipart:Calling on_field_start with no data
DEBUG:python_multipart.multipart:Calling on_field_name with data[15:23]
DEBUG:python_multipart.multipart:Calling on_field_data with data[24:29]
DEBUG:python_multipart.multipart:Calling on_field_end with no data
DEBUG:python_multipart.multipart:Calling on_end with no data
DEBUG:python_multipart.multipart:Calling on_field_start with no data
DEBUG:python_multipart.multipart:Calling on_field_name with data[0:10]
DEBUG:python_multipart.multipart:Calling on_field_data with data[11:19]
DEBUG:python_multipart.multipart:Calling on_field_end with no data
DEBUG:python_multipart.multipart:Calling on_field_start with no data
DEBUG:python_multipart.multipart:Calling on_field_name with data[20:28]
DEBUG:python_multipart.multipart:Calling on_field_data with data[29:32]
DEBUG:python_multipart.multipart:Calling on_field_end with no data
DEBUG:python_multipart.multipart:Calling on_field_start with no data
DEBUG:python_multipart.multipart:Calling on_field_name with data[33:41]
DEBUG:python_multipart.multipart:Calling on_field_data with data[42:45]
DEBUG:python_multipart.multipart:Calling on_field_end with no data
DEBUG:python_multipart.multipart:Calling on_field_start with no data
DEBUG:python_multipart.multipart:Calling on_field_name with data[46:51]
DEBUG:python_multipart.multipart:Calling on_field_end with no data
DEBUG:python_multipart.multipart:Calling on_field_start with no data
DEBUG:python_multipart.multipart:Calling on_field_name with data[53:62]
DEBUG:python_multipart.multipart:Calling on_field_data with data[63:69]
DEBUG:python_multipart.multipart:Calling on_field_end with no data
DEBUG:python_multipart.multipart:Calling on_field_start with no data
DEBUG:python_multipart.multipart:Calling on_field_name with data[70:83]
DEBUG:python_multipart.multipart:Calling on_field_data with data[84:92]
DEBUG:python_multipart.multipart:Calling on_field_end with no data
DEBUG:python_multipart.multipart:Calling on_end with no data
DEBUG:python_multipart.multipart:Calling on_field_start with no data
DEBUG:python_multipart.multipart:Calling on_field_name with data[0:10]
DEBUG:python_multipart.multipart:Calling on_field_data with data[11:19]
DEBUG:python_multipart.multipart:Calling on_field_end with no data
DEBUG:python_multipart.multipart:Calling on_end with no data
DEBUG:python_multipart.multipart:Calling on_field_start with no data
DEBUG:python_multipart.multipart:Calling on_field_name with data[0:8]
DEBUG:python_multipart.multipart:Calling on_field_data with data[9:14]
DEBUG:python_multipart.multipart:Calling on_field_end with no data
DEBUG:python_multipart.multipart:Calling on_field_start with no data
DEBUG:python_multipart.multipart:Calling on_field_name with data[15:23]
DEBUG:python_multipart.multipart:Calling on_field_data with data[24:29]
DEBUG:python_multipart.multipart:Calling on_field_end with no data
DEBUG:python_multipart.multipart:Calling on_end with no data
DEBUG:python_multipart.multipart:Calling on_field_start with no data
DEBUG:python_multipart.multipart:Calling on_field_name with data[0:8]
DEBUG:python_multipart.multipart:Calling on_field_data with data[9:14]
DEBUG:python_multipart.multipart:Calling on_field_end with no data
DEBUG:python_multipart.multipart:Calling on_field_start with no data
DEBUG:python_multipart.multipart:Calling on_field_name with data[15:23]
DEBUG:python_multipart.multipart:Calling on_field_data with data[24:29]
DEBUG:python_multipart.multipart:Calling on_field_end with no data
DEBUG:python_multipart.multipart:Calling on_end with no data
DEBUG:python_multipart.multipart:Calling on_field_start with no data
DEBUG:python_multipart.multipart:Calling on_field_name with data[0:8]
DEBUG:python_multipart.multipart:Calling on_field_data with data[9:14]
DEBUG:python_multipart.multipart:Calling on_field_end with no data
DEBUG:python_multipart.multipart:Calling on_field_start with no data
DEBUG:python_multipart.multipart:Calling on_field_name with data[15:23]
DEBUG:python_multipart.multipart:Calling on_field_data with data[24:29]
DEBUG:python_multipart.multipart:Calling on_field_end with no data
DEBUG:python_multipart.multipart:Calling on_end with no data
DEBUG:python_multipart.multipart:Calling on_field_start with no data
DEBUG:python_multipart.multipart:Calling on_field_name with data[0:8]
DEBUG:python_multipart.multipart:Calling on_field_data with data[9:14]
DEBUG:python_multipart.multipart:Calling on_field_end with no data
DEBUG:python_multipart.multipart:Calling on_field_start with no data
DEBUG:python_multipart.multipart:Calling on_field_name with data[15:23]
DEBUG:python_multipart.multipart:Calling on_field_data with data[24:29]
DEBUG:python_multipart.multipart:Calling on_field_end with no data
DEBUG:python_multipart.multipart:Calling on_end with no data
DEBUG:aiomysql:caching sha2: succeeded by fast path.
DEBUG:python_multipart.multipart:Calling on_field_start with no data
DEBUG:python_multipart.multipart:Calling on_field_name with data[0:8]
DEBUG:python_multipart.multipart:Calling on_field_data with data[9:14]
DEBUG:python_multipart.multipart:Calling on_field_end with no data
DEBUG:python_multipart.multipart:Calling on_field_start with no data
DEBUG:python_multipart.multipart:Calling on_field_name with data[15:23]
DEBUG:python_multipart.multipart:Calling on_field_data with data[24:29]
DEBUG:python_multipart.multipart:Calling on_field_end with no data
DEBUG:python_multipart.multipart:Calling on_end with no data
DEBUG:python_multipart.multipart:Calling on_field_start with no data
DEBUG:python_multipart.multipart:Calling on_field_name with data[0:8]
DEBUG:python_multipart.multipart:Calling on_field_data with data[9:14]
DEBUG:python_multipart.multipart:Calling on_field_end with no data
DEBUG:python_multipart.multipart:Calling on_field_start with no data
DEBUG:python_multipart.multipart:Calling on_field_name with data[15:23]
DEBUG:python_multipart.multipart:Calling on_field_data with data[24:29]
DEBUG:python_multipart.multipart:Calling on_field_end with no data
DEBUG:python_multipart.multipart:Calling on_end with no data
DEBUG:python_multipart.multipart:Calling on_field_start with no data
DEBUG:python_multipart.multipart:Calling on_field_name with data[0:8]
DEBUG:python_multipart.multipart:Calling on_field_data with data[9:12]
DEBUG:python_multipart.multipart:Calling on_field_end with no data
DEBUG:python_multipart.multipart:Calling on_field_start with no data
DEBUG:python_multipart.multipart:Calling on_field_name with data[13:21]
DEBUG:python_multipart.multipart:Calling on_field_data with data[22:25]
DEBUG:python_multipart.multipart:Calling on_field_end with no data
DEBUG:python_multipart.multipart:Calling on_end with no data
DEBUG:aiomysql:caching sha2: succeeded by fast path.
DEBUG:aiomysql:caching sha2: succeeded by fast path.
DEBUG:aiomysql:caching sha2: succeeded by fast path.
DEBUG:python_multipart.multipart:Calling on_field_start with no data
DEBUG:python_multipart.multipart:Calling on_field_name with data[0:8]
DEBUG:python_multipart.multipart:Calling on_field_data with data[9:14]
DEBUG:python_multipart.multipart:Calling on_field_end with no data
DEBUG:python_multipart.multipart:Calling on_field_start with no data
DEBUG:python_multipart.multipart:Calling on_field_name with data[15:23]
DEBUG:python_multipart.multipart:Calling on_field_data with data[24:29]
DEBUG:python_multipart.multipart:Calling on_field_end with no data
DEBUG:python_multipart.multipart:Calling on_end with no data
DEBUG:passlib.handlers.bcrypt:detected 'bcrypt' backend, version '3.2.0'
DEBUG:passlib.handlers.bcrypt:'bcrypt' backend lacks $2$ support, enabling workaround
DEBUG:python_multipart.multipart:Calling on_field_start with no data
DEBUG:python_multipart.multipart:Calling on_field_name with data[0:8]
DEBUG:python_multipart.multipart:Calling on_field_data with data[9:12]
DEBUG:python_multipart.multipart:Calling on_field_end with no data
DEBUG:python_multipart.multipart:Calling on_field_start with no data
DEBUG:python_multipart.multipart:Calling on_field_name with data[13:21]
DEBUG:python_multipart.multipart:Calling on_field_data with data[22:25]
DEBUG:python_multipart.multipart:Calling on_field_end with no data
DEBUG:python_multipart.multipart:Calling on_end with no data
DEBUG:aiomysql:caching sha2: succeeded by fast path.
DEBUG:aiomysql:caching sha2: succeeded by fast path.
DEBUG:aiomysql:caching sha2: succeeded by fast path.
DEBUG:python_multipart.multipart:Calling on_field_start with no data
DEBUG:python_multipart.multipart:Calling on_field_name with data[0:10]
DEBUG:python_multipart.multipart:Calling on_field_data with data[11:19]
DEBUG:python_multipart.multipart:Calling on_field_end with no data
DEBUG:python_multipart.multipart:Calling on_field_start with no data
DEBUG:python_multipart.multipart:Calling on_field_name with data[20:28]
DEBUG:python_multipart.multipart:Calling on_field_data with data[29:32]
DEBUG:python_multipart.multipart:Calling on_field_end with no data
DEBUG:python_multipart.multipart:Calling on_field_start with no data
DEBUG:python_multipart.multipart:Calling on_field_name with data[33:41]
DEBUG:python_multipart.multipart:Calling on_field_data with data[42:45]
DEBUG:python_multipart.multipart:Calling on_field_end with no data
DEBUG:python_multipart.multipart:Calling on_field_start with no data
DEBUG:python_multipart.multipart:Calling on_field_name with data[46:51]
DEBUG:python_multipart.multipart:Calling on_field_end with no data
DEBUG:python_multipart.multipart:Calling on_field_start with no data
DEBUG:python_multipart.multipart:Calling on_field_name with data[53:62]
DEBUG:python_multipart.multipart:Calling on_field_data with data[63:69]
DEBUG:python_multipart.multipart:Calling on_field_end with no data
DEBUG:python_multipart.multipart:Calling on_field_start with no data
DEBUG:python_multipart.multipart:Calling on_field_name with data[70:83]
DEBUG:python_multipart.multipart:Calling on_field_data with data[84:92]
DEBUG:python_multipart.multipart:Calling on_field_end with no data
DEBUG:python_multipart.multipart:Calling on_end with no data
DEBUG:aiomysql:caching sha2: succeeded by fast path.
DEBUG:passlib.handlers.bcrypt:detected 'bcrypt' backend, version '3.2.0'
DEBUG:passlib.handlers.bcrypt:'bcrypt' backend lacks $2$ support, enabling workaround
DEBUG:aiomysql:caching sha2: succeeded by fast path.
DEBUG:aiomysql:caching sha2: succeeded by fast path.
DEBUG:aiomysql:caching sha2: succeeded by fast path.
DEBUG:aiomysql:caching sha2: succeeded by fast path.
DEBUG:aiomysql:caching sha2: succeeded by fast path.
DEBUG:aiomysql:caching sha2: succeeded by fast path.
DEBUG:aiomysql:caching sha2: succeeded by fast path.
DEBUG:aiomysql:caching sha2: succeeded by fast path.
DEBUG:aiomysql:caching sha2: succeeded by fast path.
DEBUG:aiomysql:caching sha2: succeeded by fast path.
DEBUG:aiomysql:caching sha2: succeeded by fast path.
DEBUG:aiomysql:caching sha2: succeeded by fast path.
DEBUG:aiomysql:caching sha2: succeeded by fast path.
DEBUG:aiomysql:caching sha2: succeeded by fast path.
DEBUG:aiomysql:caching sha2: succeeded by fast path.
DEBUG:aiomysql:caching sha2: succeeded by fast path.
DEBUG:aiomysql:caching sha2: succeeded by fast path.
DEBUG:aiomysql:caching sha2: succeeded by fast path.
DEBUG:aiomysql:caching sha2: succeeded by fast path.
DEBUG:aiomysql:caching sha2: succeeded by fast path.
DEBUG:python_multipart.multipart:Calling on_field_start with no data
DEBUG:python_multipart.multipart:Calling on_field_name with data[0:10]
DEBUG:python_multipart.multipart:Calling on_field_data with data[11:19]
DEBUG:python_multipart.multipart:Calling on_field_end with no data
DEBUG:python_multipart.multipart:Calling on_field_start with no data
DEBUG:python_multipart.multipart:Calling on_field_name with data[20:28]
DEBUG:python_multipart.multipart:Calling on_field_data with data[29:32]
DEBUG:python_multipart.multipart:Calling on_field_end with no data
DEBUG:python_multipart.multipart:Calling on_field_start with no data
DEBUG:python_multipart.multipart:Calling on_field_name with data[33:41]
DEBUG:python_multipart.multipart:Calling on_field_data with data[42:45]
DEBUG:python_multipart.multipart:Calling on_field_end with no data
DEBUG:python_multipart.multipart:Calling on_field_start with no data
DEBUG:python_multipart.multipart:Calling on_field_name with data[46:51]
DEBUG:python_multipart.multipart:Calling on_field_end with no data
DEBUG:python_multipart.multipart:Calling on_field_start with no data
DEBUG:python_multipart.multipart:Calling on_field_name with data[53:62]
DEBUG:python_multipart.multipart:Calling on_field_data with data[63:69]
DEBUG:python_multipart.multipart:Calling on_field_end with no data
DEBUG:python_multipart.multipart:Calling on_field_start with no data
DEBUG:python_multipart.multipart:Calling on_field_name with data[70:83]
DEBUG:python_multipart.multipart:Calling on_field_data with data[84:92]
DEBUG:python_multipart.multipart:Calling on_field_end with no data
DEBUG:python_multipart.multipart:Calling on_end with no data
DEBUG:aiomysql:caching sha2: succeeded by fast path.
DEBUG:passlib.handlers.bcrypt:detected 'bcrypt' backend, version '3.2.0'
DEBUG:passlib.handlers.bcrypt:'bcrypt' backend lacks $2$ support, enabling workaround
DEBUG:aiomysql:caching sha2: succeeded by fast path.
DEBUG:aiomysql:caching sha2: succeeded by fast path.
DEBUG:aiomysql:caching sha2: succeeded by fast path.
DEBUG:python_multipart.multipart:Calling on_field_start with no data
DEBUG:python_multipart.multipart:Calling on_field_name with data[0:8]
DEBUG:python_multipart.multipart:Calling on_field_data with data[9:12]
DEBUG:python_multipart.multipart:Calling on_field_end with no data
DEBUG:python_multipart.multipart:Calling on_field_start with no data
DEBUG:python_multipart.multipart:Calling on_field_name with data[13:21]
DEBUG:python_multipart.multipart:Calling on_field_data with data[22:25]
DEBUG:python_multipart.multipart:Calling on_field_end with no data
DEBUG:python_multipart.multipart:Calling on_end with no data
DEBUG:passlib.handlers.bcrypt:detected 'bcrypt' backend, version '3.2.0'
DEBUG:passlib.handlers.bcrypt:'bcrypt' backend lacks $2$ support, enabling workaround
DEBUG:python_multipart.multipart:Calling on_field_start with no data
DEBUG:python_multipart.multipart:Calling on_field_name with data[0:8]
DEBUG:python_multipart.multipart:Calling on_field_data with data[9:14]
DEBUG:python_multipart.multipart:Calling on_field_end with no data
DEBUG:python_multipart.multipart:Calling on_field_start with no data
DEBUG:python_multipart.multipart:Calling on_field_name with data[15:23]
DEBUG:python_multipart.multipart:Calling on_field_data with data[24:29]
DEBUG:python_multipart.multipart:Calling on_field_end with no data
DEBUG:python_multipart.multipart:Calling on_end with no data
DEBUG:python_multipart.multipart:Calling on_field_start with no data
DEBUG:python_multipart.multipart:Calling on_field_name with data[0:8]
DEBUG:python_multipart.multipart:Calling on_field_data with data[9:13]
DEBUG:python_multipart.multipart:Calling on_field_end with no data
DEBUG:python_multipart.multipart:Calling on_field_start with no data
DEBUG:python_multipart.multipart:Calling on_field_name with data[14:22]
DEBUG:python_multipart.multipart:Calling on_field_data with data[23:27]
DEBUG:python_multipart.multipart:Calling on_field_end with no data
DEBUG:python_multipart.multipart:Calling on_end with no data
DEBUG:python_multipart.multipart:Calling on_field_start with no data
DEBUG:python_multipart.multipart:Calling on_field_name with data[0:8]
DEBUG:python_multipart.multipart:Calling on_field_data with data[9:13]
DEBUG:python_multipart.multipart:Calling on_field_end with no data
DEBUG:python_multipart.multipart:Calling on_field_start with no data
DEBUG:python_multipart.multipart:Calling on_field_name with data[14:22]
DEBUG:python_multipart.multipart:Calling on_field_data with data[23:27]
DEBUG:python_multipart.multipart:Calling on_field_end with no data
DEBUG:python_multipart.multipart:Calling on_end with no data
DEBUG:python_multipart.multipart:Calling on_field_start with no data
DEBUG:python_multipart.multipart:Calling on_field_name with data[0:8]
DEBUG:python_multipart.multipart:Calling on_field_data with data[9:11]
DEBUG:python_multipart.multipart:Calling on_field_end with no data
DEBUG:python_multipart.multipart:Calling on_field_start with no data
DEBUG:python_multipart.multipart:Calling on_field_name with data[12:20]
DEBUG:python_multipart.multipart:Calling on_field_data with data[21:23]
DEBUG:python_multipart.multipart:Calling on_field_end with no data
DEBUG:python_multipart.multipart:Calling on_end with no data
DEBUG:python_multipart.multipart:Calling on_field_start with no data
DEBUG:python_multipart.multipart:Calling on_field_name with data[0:8]
DEBUG:python_multipart.multipart:Calling on_field_data with data[9:12]
DEBUG:python_multipart.multipart:Calling on_field_end with no data
DEBUG:python_multipart.multipart:Calling on_field_start with no data
DEBUG:python_multipart.multipart:Calling on_field_name with data[13:21]
DEBUG:python_multipart.multipart:Calling on_field_data with data[22:25]
DEBUG:python_multipart.multipart:Calling on_field_end with no data
DEBUG:python_multipart.multipart:Calling on_end with no data
DEBUG:python_multipart.multipart:Calling on_field_start with no data
DEBUG:python_multipart.multipart:Calling on_field_name with data[0:8]
DEBUG:python_multipart.multipart:Calling on_field_data with data[9:14]
DEBUG:python_multipart.multipart:Calling on_field_end with no data
DEBUG:python_multipart.multipart:Calling on_field_start with no data
DEBUG:python_multipart.multipart:Calling on_field_name with data[15:23]
DEBUG:python_multipart.multipart:Calling on_field_data with data[24:29]
DEBUG:python_multipart.multipart:Calling on_field_end with no data
DEBUG:python_multipart.multipart:Calling on_end with no data
DEBUG:python_multipart.multipart:Calling on_field_start with no data
DEBUG:python_multipart.multipart:Calling on_field_name with data[0:8]
DEBUG:python_multipart.multipart:Calling on_field_data with data[9:12]
DEBUG:python_multipart.multipart:Calling on_field_end with no data
DEBUG:python_multipart.multipart:Calling on_field_start with no data
DEBUG:python_multipart.multipart:Calling on_field_name with data[13:21]
DEBUG:python_multipart.multipart:Calling on_field_data with data[22:25]
DEBUG:python_multipart.multipart:Calling on_field_end with no data
DEBUG:python_multipart.multipart:Calling on_end with no data
DEBUG:aiomysql:caching sha2: Trying full auth...
DEBUG:aiomysql:-----BEGIN PUBLIC KEY-----
MIIBIjANBgkqhkiG9w0BAQEFAAOCAQ8AMIIBCgKCAQEA9ojk1/QUuYBnSze3L0tI
XUmnHGNsYmWpmKNbRU9vz6SrngFqdhrxA3Kh6nebNulAPg//vku9oI9VjpSaHQ5V
5hJVx+O/5qmXOUgIFCNiPtsIUCgpkhpXpikc7FFc4nSE346tf9EnR3/9ROTJB41N
+FzQd7REIay6HXasCrgWJLGFmyhVs45GvJNDVoZhAXFXE63EVB2jWqsokm8TfH2j
WSaF2UMCZRlLE1TwZ5IIIkf3ouAq10EoBvASZlpOr++ruIkHSpUvc6NcW5ckRcDy
H5Tg37cBEjgKheGNZW2opyB/ctZwpJvLpPrGD6cqwzu623wHF9EHBOxTlp/EES0J
7wIDAQAB
-----END PUBLIC KEY-----

DEBUG:python_multipart.multipart:Calling on_field_start with no data
DEBUG:python_multipart.multipart:Calling on_field_name with data[0:8]
DEBUG:python_multipart.multipart:Calling on_field_data with data[9:14]
DEBUG:python_multipart.multipart:Calling on_field_end with no data
DEBUG:python_multipart.multipart:Calling on_field_start with no data
DEBUG:python_multipart.multipart:Calling on_field_name with data[15:23]
DEBUG:python_multipart.multipart:Calling on_field_data with data[24:29]
DEBUG:python_multipart.multipart:Calling on_field_end with no data
DEBUG:python_multipart.multipart:Calling on_end with no data
DEBUG:aiomysql:caching sha2: succeeded by fast path.
DEBUG:passlib.handlers.bcrypt:detected 'bcrypt' backend, version '3.2.0'
DEBUG:passlib.handlers.bcrypt:'bcrypt' backend lacks $2$ support, enabling workaround
DEBUG:python_multipart.multipart:Calling on_field_start with no data
DEBUG:python_multipart.multipart:Calling on_field_name with data[0:8]
DEBUG:python_multipart.multipart:Calling on_field_data with data[9:12]
DEBUG:python_multipart.multipart:Calling on_field_end with no data
DEBUG:python_multipart.multipart:Calling on_field_start with no data
DEBUG:python_multipart.multipart:Calling on_field_name with data[13:21]
DEBUG:python_multipart.multipart:Calling on_field_data with data[22:25]
DEBUG:python_multipart.multipart:Calling on_field_end with no data
DEBUG:python_multipart.multipart:Calling on_end with no data
DEBUG:python_multipart.multipart:Calling on_field_start with no data
DEBUG:python_multipart.multipart:Calling on_field_name with data[0:8]
DEBUG:python_multipart.multipart:Calling on_field_data with data[9:13]
DEBUG:python_multipart.multipart:Calling on_field_end with no data
DEBUG:python_multipart.multipart:Calling on_field_start with no data
DEBUG:python_multipart.multipart:Calling on_field_name with data[14:22]
DEBUG:python_multipart.multipart:Calling on_field_data with data[23:27]
DEBUG:python_multipart.multipart:Calling on_field_end with no data
DEBUG:python_multipart.multipart:Calling on_end with no data
DEBUG:aiomysql:caching sha2: succeeded by fast path.
DEBUG:aiomysql:caching sha2: succeeded by fast path.
